<?xml version="1.0" encoding="UTF-8"?>
<!-- Generated by org.testng.reporters.JUnitXMLReporter -->
<testsuite ignored="0" hostname="LAPTOP-3ECM99MI" failures="0" tests="3" name="Default test" time="6.759" errors="0" timestamp="2025-04-16T17:19:06 IST">
  <testcase classname="userManagement.Paramaters" name="testGetUsersWithMultipleQueryParams" time="4.516"/>
  <testcase classname="userManagement.Paramaters" name="testGetUsersWithQueryParameters" time="1.916"/>
  <testcase classname="userManagement.Paramaters" name="validateStatusCodeGetUser" time="0.169"/>
</testsuite> <!-- Default test -->
