<?xml version="1.0" encoding="UTF-8"?>
<!-- Generated by org.testng.reporters.JUnitXMLReporter -->
<testsuite ignored="0" hostname="LAPTOP-3ECM99MI" failures="0" tests="4" name="Default test" time="7.394" errors="0" timestamp="2025-04-15T15:18:31 IST">
  <testcase classname="userManagement.Requese" name="getListOfResources" time="5.965"/>
  <testcase classname="userManagement.Requese" name="getListUsers" time="0.542"/>
  <testcase classname="userManagement.Requese" name="getSingleUser" time="0.397"/>
  <testcase classname="userManagement.Requese" name="validateListContainsItems" time="0.36"/>
</testsuite> <!-- Default test -->
