<?xml version="1.0" encoding="UTF-8"?>
<testng-results ignored="0" total="3" passed="3" failed="0" skipped="0">
  <reporter-output>
  </reporter-output>
  <suite started-at="2025-04-16T17:18:59 IST" name="Default suite" finished-at="2025-04-16T17:19:06 IST" duration-ms="6759">
    <groups>
      <group name="Sanity">
        <method signature="Paramaters.validateStatusCodeGetUser()[pri:0, instance:userManagement.Paramaters@3ee37e5a]" name="validateStatusCodeGetUser" class="userManagement.Paramaters"/>
      </group> <!-- Sanity -->
      <group name="regression">
        <method signature="Paramaters.testGetUsersWithQueryParameters()[pri:0, instance:userManagement.Paramaters@3ee37e5a]" name="testGetUsersWithQueryParameters" class="userManagement.Paramaters"/>
      </group> <!-- regression -->
    </groups>
    <test started-at="2025-04-16T17:18:59 IST" name="Default test" finished-at="2025-04-16T17:19:06 IST" duration-ms="6759">
      <class name="userManagement.Paramaters">
        <test-method signature="testGetUsersWithMultipleQueryParams()[pri:0, instance:userManagement.Paramaters@3ee37e5a]" started-at="2025-04-16T17:18:59 IST" name="testGetUsersWithMultipleQueryParams" finished-at="2025-04-16T17:19:04 IST" duration-ms="4516" status="PASS">
          <reporter-output>
          </reporter-output>
        </test-method> <!-- testGetUsersWithMultipleQueryParams -->
        <test-method signature="testGetUsersWithQueryParameters()[pri:0, instance:userManagement.Paramaters@3ee37e5a]" started-at="2025-04-16T17:19:04 IST" name="testGetUsersWithQueryParameters" finished-at="2025-04-16T17:19:06 IST" duration-ms="1916" status="PASS">
          <reporter-output>
          </reporter-output>
        </test-method> <!-- testGetUsersWithQueryParameters -->
        <test-method signature="validateStatusCodeGetUser()[pri:0, instance:userManagement.Paramaters@3ee37e5a]" started-at="2025-04-16T17:19:06 IST" name="validateStatusCodeGetUser" finished-at="2025-04-16T17:19:06 IST" duration-ms="169" status="PASS">
          <reporter-output>
          </reporter-output>
        </test-method> <!-- validateStatusCodeGetUser -->
      </class> <!-- userManagement.Paramaters -->
    </test> <!-- Default test -->
  </suite> <!-- Default suite -->
</testng-results>
