<?xml version="1.0" encoding="UTF-8"?>
<!-- Generated by org.testng.reporters.JUnitReportReporter -->
<testsuite hostname="LAPTOP-3ECM99MI" failures="0" tests="3" name="userManagement.Paramaters" time="6.601" errors="0" timestamp="2025-04-16T17:19:07 IST" skipped="0">
  <testcase classname="userManagement.Paramaters" name="validateStatusCodeGetUser" time="0.169"/>
  <system-out/>
  <testcase classname="userManagement.Paramaters" name="testGetUsersWithMultipleQueryParams" time="4.516"/>
  <system-out/>
  <testcase classname="userManagement.Paramaters" name="testGetUsersWithQueryParameters" time="1.916"/>
  <system-out/>
</testsuite> <!-- userManagement.Paramaters -->
