<?xml version="1.0" encoding="UTF-8"?>
<!-- Generated by org.testng.reporters.JUnitReportReporter -->
<testsuite hostname="LAPTOP-3ECM99MI" failures="0" tests="4" name="userManagement.Requese" time="7.264" errors="0" timestamp="2025-04-15T15:18:31 IST" skipped="0">
  <testcase classname="userManagement.Requese" name="getListOfResources" time="5.965"/>
  <system-out/>
  <testcase classname="userManagement.Requese" name="getSingleUser" time="0.397"/>
  <system-out/>
  <testcase classname="userManagement.Requese" name="validateListContainsItems" time="0.360"/>
  <system-out/>
  <testcase classname="userManagement.Requese" name="getListUsers" time="0.542"/>
  <system-out/>
</testsuite> <!-- userManagement.Requese -->
